START TIME: Tue May 20 23:15:40 CEST 2025
Running /iopsstor/scratch/cscs/elyulina/lai-proj/load_model_no_fsdp.py
slurmstepd: error: couldn't chdir to `/workspace': No such file or directory: going to /tmp instead
slurmstepd: error: couldn't chdir to `/workspace': No such file or directory: going to /tmp instead
2025-05-20 23:16:02,052 - root - INFO - Starting the main function
2025-05-20 23:16:02,052 - root - INFO - Running binary search with scale low=1, high=17, precision=0, scale only n_layers=False
2025-05-20 23:16:02,751 - root - INFO - Loading a model with scale=9, scaling_strategy=ScalingStrategy.ALL, config:
TransformerModelArgs(dim=2304, n_layers=36, n_heads=36, n_kv_heads=8, multiple_of=256, ffn_dim_multiplier=1.3, norm_eps=1e-05, rope_theta=500000, norm_type='rmsnorm', seq_len=4096, vocab_size=(131072,))
Traceback (most recent call last):
  File "/iopsstor/scratch/cscs/elyulina/lai-proj/load_model_no_fsdp.py", line 122, in <module>
    best_fit = binary_search(low=low, high=high, scaling_strategy=scaling_strategy)
               ^^^^^^^^^^^^^^^^^^^^^^^^^^^^^^^^^^^^^^^^^^^^^^^^^^^^^^^^^^^^^^^^^^^^
  File "/iopsstor/scratch/cscs/elyulina/lai-proj/load_model_no_fsdp.py", line 84, in binary_search
    does_fit = load_model_no_fsdp(scaling_factor=mid, scaling_strategy=scaling_strategy)
               ^^^^^^^^^^^^^^^^^^^^^^^^^^^^^^^^^^^^^^^^^^^^^^^^^^^^^^^^^^^^^^^^^^^^^^^^^
  File "/iopsstor/scratch/cscs/elyulina/lai-proj/load_model_no_fsdp.py", line 51, in load_model_no_fsdp
    model = Transformer(model_config).to(device)
            ^^^^^^^^^^^^^^^^^^^^^^^^^
  File "/iopsstor/scratch/cscs/elyulina/lai-proj/model.py", line 389, in __init__
    self.tok_embeddings = nn.Embedding(model_args.vocab_size, model_args.dim)
                          ^^^^^^^^^^^^^^^^^^^^^^^^^^^^^^^^^^^^^^^^^^^^^^^^^^^
  File "/usr/local/lib/python3.12/dist-packages/torch/nn/modules/sparse.py", line 167, in __init__
    torch.empty((num_embeddings, embedding_dim), **factory_kwargs),
    ^^^^^^^^^^^^^^^^^^^^^^^^^^^^^^^^^^^^^^^^^^^^^^^^^^^^^^^^^^^^^^
TypeError: empty() received an invalid combination of arguments - got (tuple, dtype=NoneType, device=NoneType), but expected one of:
 * (tuple of ints size, *, tuple of names names, torch.memory_format memory_format = None, torch.dtype dtype = None, torch.layout layout = None, torch.device device = None, bool pin_memory = False, bool requires_grad = False)
 * (tuple of ints size, *, torch.memory_format memory_format = None, Tensor out = None, torch.dtype dtype = None, torch.layout layout = None, torch.device device = None, bool pin_memory = False, bool requires_grad = False)

srun: error: nid006841: task 0: Exited with exit code 1
srun: Terminating StepId=453969.0
