START TIME: Wed May 21 03:07:39 CEST 2025
slurmstepd: error: couldn't chdir to `/workspace': No such file or directory: going to /tmp instead
slurmstepd: error: couldn't chdir to `/workspace': No such file or directory: going to /tmp instead
slurmstepd: error: couldn't chdir to `/workspace': No such file or directory: going to /tmp instead
slurmstepd: error: couldn't chdir to `/workspace': No such file or directory: going to /tmp instead
2025-05-21 03:08:06,513 - root - INFO - Loading a model with scale=19, scaling_strategy=ScalingStrategy.ALL, config:
TransformerModelArgs(dim=4864, n_layers=152, n_heads=152, n_kv_heads=8, multiple_of=256, ffn_dim_multiplier=1.3, norm_eps=1e-05, rope_theta=500000, norm_type='rmsnorm', seq_len=4096, vocab_size=131072)
[rank7]:[W521 03:10:58.293231207 ProcessGroupNCCL.cpp:4454] [PG ID 0 PG GUID 0 Rank 7]  using GPU 3 to perform barrier as devices used by this process are currently unknown. This can potentially cause a hang if this rank to GPU mapping is incorrect. Specify device_ids in barrier() to force use of a particular device, or call init_process_group() with a device_id.
2025-05-21 03:10:58,286 - root - INFO - Actual model parameters: 46,322,328,320
[rank5]:[W521 03:10:58.758275485 ProcessGroupNCCL.cpp:4454] [PG ID 0 PG GUID 0 Rank 5]  using GPU 1 to perform barrier as devices used by this process are currently unknown. This can potentially cause a hang if this rank to GPU mapping is incorrect. Specify device_ids in barrier() to force use of a particular device, or call init_process_group() with a device_id.
[rank6]:[W521 03:10:59.633203055 ProcessGroupNCCL.cpp:4454] [PG ID 0 PG GUID 0 Rank 6]  using GPU 2 to perform barrier as devices used by this process are currently unknown. This can potentially cause a hang if this rank to GPU mapping is incorrect. Specify device_ids in barrier() to force use of a particular device, or call init_process_group() with a device_id.
[rank4]:[W521 03:11:00.464958278 ProcessGroupNCCL.cpp:4454] [PG ID 0 PG GUID 0 Rank 4]  using GPU 0 to perform barrier as devices used by this process are currently unknown. This can potentially cause a hang if this rank to GPU mapping is incorrect. Specify device_ids in barrier() to force use of a particular device, or call init_process_group() with a device_id.
2025-05-21 03:11:00,491 - root - INFO - [rank 0] model is now: FullyShardedDataParallel
2025-05-21 03:11:00,493 - root - INFO - [rank 0] local params: 5790291040
2025-05-21 03:11:00,493 - root - INFO - Took 2 min 54 sec
2025-05-21 03:11:00,493 - root - INFO - 


[rank0]:[W521 03:11:00.762061736 ProcessGroupNCCL.cpp:4454] [PG ID 0 PG GUID 0 Rank 0]  using GPU 0 to perform barrier as devices used by this process are currently unknown. This can potentially cause a hang if this rank to GPU mapping is incorrect. Specify device_ids in barrier() to force use of a particular device, or call init_process_group() with a device_id.
[rank1]:[W521 03:11:01.210696913 ProcessGroupNCCL.cpp:4454] [PG ID 0 PG GUID 0 Rank 1]  using GPU 1 to perform barrier as devices used by this process are currently unknown. This can potentially cause a hang if this rank to GPU mapping is incorrect. Specify device_ids in barrier() to force use of a particular device, or call init_process_group() with a device_id.
[rank2]:[W521 03:11:01.486036298 ProcessGroupNCCL.cpp:4454] [PG ID 0 PG GUID 0 Rank 2]  using GPU 2 to perform barrier as devices used by this process are currently unknown. This can potentially cause a hang if this rank to GPU mapping is incorrect. Specify device_ids in barrier() to force use of a particular device, or call init_process_group() with a device_id.
[rank3]:[W521 03:11:04.218149402 ProcessGroupNCCL.cpp:4454] [PG ID 0 PG GUID 0 Rank 3]  using GPU 3 to perform barrier as devices used by this process are currently unknown. This can potentially cause a hang if this rank to GPU mapping is incorrect. Specify device_ids in barrier() to force use of a particular device, or call init_process_group() with a device_id.
2025-05-21 03:11:08,815 - root - INFO - Loading a model with scale=29, scaling_strategy=ScalingStrategy.ALL, config:
TransformerModelArgs(dim=7424, n_layers=232, n_heads=232, n_kv_heads=8, multiple_of=256, ffn_dim_multiplier=1.3, norm_eps=1e-05, rope_theta=500000, norm_type='rmsnorm', seq_len=4096, vocab_size=131072)
slurmstepd: error: Detected 1 oom_kill event in StepId=454271.0. Some of the step tasks have been OOM Killed.
slurmstepd: error: Detected 1 oom_kill event in StepId=454271.0. Some of the step tasks have been OOM Killed.
srun: error: nid006792: task 0: Out Of Memory
srun: Terminating StepId=454271.0
