START TIME: Thu May 22 00:38:21 CEST 2025
Node IP: 172.28.34.188
slurmstepd: error: couldn't chdir to `/workspace': No such file or directory: going to /tmp instead
slurmstepd: error: couldn't chdir to `/workspace': No such file or directory: going to /tmp instead
2025-05-22 00:38:41,190 - root - INFO - [RANK 0]Total RAM: 854.46 GB
2025-05-22 00:38:41,190 - root - INFO - [RANK 0]Available RAM: 777.13 GB
2025-05-22 00:38:41,190 - root - INFO - [RANK 0]Available per-process RAM: 194.28 GB
2025-05-22 00:38:47,686 - root - INFO - [RANK 0]GPU 0: NVIDIA GH200 120GB
2025-05-22 00:38:47,686 - root - INFO - [RANK 0]  Total memory: 94.50 GB
2025-05-22 00:38:47,686 - root - INFO - [RANK 0]  Allocated memory: 0.00 GB
2025-05-22 00:38:47,686 - root - INFO - [RANK 0]  Cached memory: 0.00 GB
2025-05-22 00:38:53,249 - root - INFO - [RANK 0]Loading a model with scale=10, scaling_strategy=ScalingStrategy.ALL, config:
TransformerModelArgs(dim=2560, n_layers=80, n_heads=80, n_kv_heads=8, multiple_of=256, ffn_dim_multiplier=1.3, norm_eps=1e-05, rope_theta=500000, norm_type='rmsnorm', seq_len=4096, vocab_size=131072)
2025-05-22 00:38:53,250 - root - INFO - [RANK 0]Reset memory peak
Memory used by model: 0.00 MB
Peak memory allocated during model init: 0.00 MB
2025-05-22 00:39:21,985 - root - INFO - [RANK 0]Total model parameters: 7,329,958,400
2025-05-22 00:39:21,996 - root - INFO - [RANK 0]Took 0 min 34 sec
2025-05-22 00:39:21,996 - root - INFO - [RANK 0]


Memory used by model: 0.00 MB
Peak memory allocated during model init: 0.00 MB
Memory used by model: 0.00 MB
Peak memory allocated during model init: 0.00 MB
Memory used by model: 0.00 MB
Peak memory allocated during model init: 0.00 MB
END TIME: Thu May 22 00:39:25 CEST 2025
