START TIME: Wed May 21 22:37:26 CEST 2025
slurmstepd: error: couldn't chdir to `/workspace': No such file or directory: going to /tmp instead
slurmstepd: error: couldn't chdir to `/workspace': No such file or directory: going to /tmp instead
slurmstepd: error: couldn't chdir to `/workspace': No such file or directory: going to /tmp instead
slurmstepd: error: couldn't chdir to `/workspace': No such file or directory: going to /tmp instead
slurmstepd: error: couldn't chdir to `/workspace': No such file or directory: going to /tmp instead
2025-05-21 22:37:55,911 - root - INFO - Loading a model with scale=19, scaling_strategy=ScalingStrategy.ALL, config:
TransformerModelArgs(dim=4864, n_layers=152, n_heads=152, n_kv_heads=8, multiple_of=256, ffn_dim_multiplier=1.3, norm_eps=1e-05, rope_theta=500000, norm_type='rmsnorm', seq_len=4096, vocab_size=131072)
2025-05-21 22:37:55,912 - root - INFO - Loading a model with scale=19, scaling_strategy=ScalingStrategy.ALL, config:
TransformerModelArgs(dim=4864, n_layers=152, n_heads=152, n_kv_heads=8, multiple_of=256, ffn_dim_multiplier=1.3, norm_eps=1e-05, rope_theta=500000, norm_type='rmsnorm', seq_len=4096, vocab_size=131072)
2025-05-21 22:37:55,914 - root - INFO - Loading a model with scale=19, scaling_strategy=ScalingStrategy.ALL, config:
TransformerModelArgs(dim=4864, n_layers=152, n_heads=152, n_kv_heads=8, multiple_of=256, ffn_dim_multiplier=1.3, norm_eps=1e-05, rope_theta=500000, norm_type='rmsnorm', seq_len=4096, vocab_size=131072)
2025-05-21 22:37:56,004 - root - INFO - Loading a model with scale=19, scaling_strategy=ScalingStrategy.ALL, config:
TransformerModelArgs(dim=4864, n_layers=152, n_heads=152, n_kv_heads=8, multiple_of=256, ffn_dim_multiplier=1.3, norm_eps=1e-05, rope_theta=500000, norm_type='rmsnorm', seq_len=4096, vocab_size=131072)
2025-05-21 22:40:46,577 - root - INFO - Total model parameters: 46,322,328,320
2025-05-21 22:40:46,660 - root - INFO - Total model parameters: 46,322,328,320
2025-05-21 22:40:47,550 - root - INFO - Total model parameters: 46,322,328,320
2025-05-21 22:40:49,599 - root - INFO - Total model parameters: 46,322,328,320
2025-05-21 22:40:52,319 - root - INFO - [rank 0]Took 2 min 56 sec
2025-05-21 22:40:52,319 - root - INFO - [rank 0]


[rank1]:[W521 22:40:53.468087156 ProcessGroupNCCL.cpp:4454] [PG ID 0 PG GUID 0 Rank 1]  using GPU 1 to perform barrier as devices used by this process are currently unknown. This can potentially cause a hang if this rank to GPU mapping is incorrect. Specify device_ids in barrier() to force use of a particular device, or call init_process_group() with a device_id.
[rank2]:[W521 22:40:53.468102580 ProcessGroupNCCL.cpp:4454] [PG ID 0 PG GUID 0 Rank 2]  using GPU 2 to perform barrier as devices used by this process are currently unknown. This can potentially cause a hang if this rank to GPU mapping is incorrect. Specify device_ids in barrier() to force use of a particular device, or call init_process_group() with a device_id.
[rank0]:[W521 22:40:53.481408340 ProcessGroupNCCL.cpp:4454] [PG ID 0 PG GUID 0 Rank 0]  using GPU 0 to perform barrier as devices used by this process are currently unknown. This can potentially cause a hang if this rank to GPU mapping is incorrect. Specify device_ids in barrier() to force use of a particular device, or call init_process_group() with a device_id.
[rank3]:[W521 22:40:53.482359001 ProcessGroupNCCL.cpp:4454] [PG ID 0 PG GUID 0 Rank 3]  using GPU 3 to perform barrier as devices used by this process are currently unknown. This can potentially cause a hang if this rank to GPU mapping is incorrect. Specify device_ids in barrier() to force use of a particular device, or call init_process_group() with a device_id.
Traceback (most recent call last):
  File "<frozen runpy>", line 198, in _run_module_as_main
  File "<frozen runpy>", line 88, in _run_code
  File "/usr/local/lib/python3.12/dist-packages/torch/distributed/run.py", line 922, in <module>
    main()
  File "/usr/local/lib/python3.12/dist-packages/torch/distributed/elastic/multiprocessing/errors/__init__.py", line 355, in wrapper
    return f(*args, **kwargs)
           ^^^^^^^^^^^^^^^^^^
  File "/usr/local/lib/python3.12/dist-packages/torch/distributed/run.py", line 918, in main
    run(args)
  File "/usr/local/lib/python3.12/dist-packages/torch/distributed/run.py", line 909, in run
    elastic_launch(
  File "/usr/local/lib/python3.12/dist-packages/torch/distributed/launcher/api.py", line 138, in __call__
    return launch_agent(self._config, self._entrypoint, list(args))
           ^^^^^^^^^^^^^^^^^^^^^^^^^^^^^^^^^^^^^^^^^^^^^^^^^^^^^^^^
  File "/usr/local/lib/python3.12/dist-packages/torch/distributed/launcher/api.py", line 264, in launch_agent
    if result.is_failed():
       ^^^^^^^^^^^^^^^^
AttributeError: 'NoneType' object has no attribute 'is_failed'
Traceback (most recent call last):
  File "<frozen runpy>", line 198, in _run_module_as_main
  File "<frozen runpy>", line 88, in _run_code
  File "/usr/local/lib/python3.12/dist-packages/torch/distributed/run.py", line 922, in <module>
    main()
  File "/usr/local/lib/python3.12/dist-packages/torch/distributed/elastic/multiprocessing/errors/__init__.py", line 355, in wrapper
    return f(*args, **kwargs)
           ^^^^^^^^^^^^^^^^^^
  File "/usr/local/lib/python3.12/dist-packages/torch/distributed/run.py", line 918, in main
    run(args)
  File "/usr/local/lib/python3.12/dist-packages/torch/distributed/run.py", line 909, in run
    elastic_launch(
  File "/usr/local/lib/python3.12/dist-packages/torch/distributed/launcher/api.py", line 138, in __call__
    return launch_agent(self._config, self._entrypoint, list(args))
           ^^^^^^^^^^^^^^^^^^^^^^^^^^^^^^^^^^^^^^^^^^^^^^^^^^^^^^^^
  File "/usr/local/lib/python3.12/dist-packages/torch/distributed/launcher/api.py", line 264, in launch_agent
    if result.is_failed():
       ^^^^^^^^^^^^^^^^
AttributeError: 'NoneType' object has no attribute 'is_failed'
srun: error: nid006687: task 0: Exited with exit code 1
srun: Terminating StepId=456116.0
slurmstepd: error: *** STEP 456116.0 ON nid006687 CANCELLED AT 2025-05-21T22:41:16 ***
srun: error: nid006687: tasks 2-3: Terminated
srun: Force Terminated StepId=456116.0
