START TIME: Wed May 21 03:01:22 CEST 2025
slurmstepd: error: couldn't chdir to `/workspace': No such file or directory: going to /tmp instead
slurmstepd: error: couldn't chdir to `/workspace': No such file or directory: going to /tmp instead
slurmstepd: error: couldn't chdir to `/workspace': No such file or directory: going to /tmp instead
slurmstepd: error: couldn't chdir to `/workspace': No such file or directory: going to /tmp instead
2025-05-21 03:01:53,383 - root - INFO - Loading a model with scale=19, scaling_strategy=ScalingStrategy.ALL, config:
TransformerModelArgs(dim=4864, n_layers=152, n_heads=152, n_kv_heads=8, multiple_of=256, ffn_dim_multiplier=1.3, norm_eps=1e-05, rope_theta=500000, norm_type='rmsnorm', seq_len=4096, vocab_size=131072)
[rank5]:[W521 03:04:49.494349007 ProcessGroupNCCL.cpp:4454] [PG ID 0 PG GUID 0 Rank 5]  using GPU 1 to perform barrier as devices used by this process are currently unknown. This can potentially cause a hang if this rank to GPU mapping is incorrect. Specify device_ids in barrier() to force use of a particular device, or call init_process_group() with a device_id.
[rank7]:[W521 03:04:49.940511284 ProcessGroupNCCL.cpp:4454] [PG ID 0 PG GUID 0 Rank 7]  using GPU 3 to perform barrier as devices used by this process are currently unknown. This can potentially cause a hang if this rank to GPU mapping is incorrect. Specify device_ids in barrier() to force use of a particular device, or call init_process_group() with a device_id.
[rank6]:[W521 03:04:50.350588724 ProcessGroupNCCL.cpp:4454] [PG ID 0 PG GUID 0 Rank 6]  using GPU 2 to perform barrier as devices used by this process are currently unknown. This can potentially cause a hang if this rank to GPU mapping is incorrect. Specify device_ids in barrier() to force use of a particular device, or call init_process_group() with a device_id.
[rank3]:[W521 03:04:50.558233191 ProcessGroupNCCL.cpp:4454] [PG ID 0 PG GUID 0 Rank 3]  using GPU 3 to perform barrier as devices used by this process are currently unknown. This can potentially cause a hang if this rank to GPU mapping is incorrect. Specify device_ids in barrier() to force use of a particular device, or call init_process_group() with a device_id.
[rank4]:[W521 03:04:51.203385931 ProcessGroupNCCL.cpp:4454] [PG ID 0 PG GUID 0 Rank 4]  using GPU 0 to perform barrier as devices used by this process are currently unknown. This can potentially cause a hang if this rank to GPU mapping is incorrect. Specify device_ids in barrier() to force use of a particular device, or call init_process_group() with a device_id.
[rank1]:[W521 03:04:51.224439830 ProcessGroupNCCL.cpp:4454] [PG ID 0 PG GUID 0 Rank 1]  using GPU 1 to perform barrier as devices used by this process are currently unknown. This can potentially cause a hang if this rank to GPU mapping is incorrect. Specify device_ids in barrier() to force use of a particular device, or call init_process_group() with a device_id.
2025-05-21 03:04:51,978 - root - INFO - Actual model parameters: 5,790,291,040
2025-05-21 03:04:51,978 - root - INFO - [rank 0] model is now: FullyShardedDataParallel
2025-05-21 03:04:51,980 - root - INFO - [rank 0] local params: 5790291040
2025-05-21 03:04:51,980 - root - INFO - Took 2 min 59 sec
2025-05-21 03:04:51,980 - root - INFO - 


[rank0]:[W521 03:04:52.758816357 ProcessGroupNCCL.cpp:4454] [PG ID 0 PG GUID 0 Rank 0]  using GPU 0 to perform barrier as devices used by this process are currently unknown. This can potentially cause a hang if this rank to GPU mapping is incorrect. Specify device_ids in barrier() to force use of a particular device, or call init_process_group() with a device_id.
[rank2]:[W521 03:04:52.978494970 ProcessGroupNCCL.cpp:4454] [PG ID 0 PG GUID 0 Rank 2]  using GPU 2 to perform barrier as devices used by this process are currently unknown. This can potentially cause a hang if this rank to GPU mapping is incorrect. Specify device_ids in barrier() to force use of a particular device, or call init_process_group() with a device_id.
END TIME: Wed May 21 03:05:06 CEST 2025
