START TIME: Wed May 21 23:27:05 CEST 2025
slurmstepd: error: couldn't chdir to `/workspace': No such file or directory: going to /tmp instead
slurmstepd: error: couldn't chdir to `/workspace': No such file or directory: going to /tmp instead
slurmstepd: error: couldn't chdir to `/workspace': No such file or directory: going to /tmp instead
slurmstepd: error: couldn't chdir to `/workspace': No such file or directory: going to /tmp instead
slurmstepd: error: couldn't chdir to `/workspace': No such file or directory: going to /tmp instead
slurmstepd: error: couldn't chdir to `/workspace': No such file or directory: going to /tmp instead
2025-05-21 23:27:28,222 - root - INFO - Loading a model with scale=19, scaling_strategy=ScalingStrategy.ALL, config:
TransformerModelArgs(dim=4864, n_layers=152, n_heads=152, n_kv_heads=8, multiple_of=256, ffn_dim_multiplier=1.3, norm_eps=1e-05, rope_theta=500000, norm_type='rmsnorm', seq_len=4096, vocab_size=131072)
2025-05-21 23:27:28,224 - root - INFO - Loading a model with scale=19, scaling_strategy=ScalingStrategy.ALL, config:
TransformerModelArgs(dim=4864, n_layers=152, n_heads=152, n_kv_heads=8, multiple_of=256, ffn_dim_multiplier=1.3, norm_eps=1e-05, rope_theta=500000, norm_type='rmsnorm', seq_len=4096, vocab_size=131072)
2025-05-21 23:27:28,224 - root - INFO - Loading a model with scale=19, scaling_strategy=ScalingStrategy.ALL, config:
TransformerModelArgs(dim=4864, n_layers=152, n_heads=152, n_kv_heads=8, multiple_of=256, ffn_dim_multiplier=1.3, norm_eps=1e-05, rope_theta=500000, norm_type='rmsnorm', seq_len=4096, vocab_size=131072)
2025-05-21 23:27:28,224 - root - INFO - Loading a model with scale=19, scaling_strategy=ScalingStrategy.ALL, config:
TransformerModelArgs(dim=4864, n_layers=152, n_heads=152, n_kv_heads=8, multiple_of=256, ffn_dim_multiplier=1.3, norm_eps=1e-05, rope_theta=500000, norm_type='rmsnorm', seq_len=4096, vocab_size=131072)
2025-05-21 23:27:28,225 - root - INFO - Loading a model with scale=19, scaling_strategy=ScalingStrategy.ALL, config:
TransformerModelArgs(dim=4864, n_layers=152, n_heads=152, n_kv_heads=8, multiple_of=256, ffn_dim_multiplier=1.3, norm_eps=1e-05, rope_theta=500000, norm_type='rmsnorm', seq_len=4096, vocab_size=131072)
2025-05-21 23:27:28,225 - root - INFO - Loading a model with scale=19, scaling_strategy=ScalingStrategy.ALL, config:
TransformerModelArgs(dim=4864, n_layers=152, n_heads=152, n_kv_heads=8, multiple_of=256, ffn_dim_multiplier=1.3, norm_eps=1e-05, rope_theta=500000, norm_type='rmsnorm', seq_len=4096, vocab_size=131072)
2025-05-21 23:27:28,225 - root - INFO - Loading a model with scale=19, scaling_strategy=ScalingStrategy.ALL, config:
TransformerModelArgs(dim=4864, n_layers=152, n_heads=152, n_kv_heads=8, multiple_of=256, ffn_dim_multiplier=1.3, norm_eps=1e-05, rope_theta=500000, norm_type='rmsnorm', seq_len=4096, vocab_size=131072)
2025-05-21 23:27:28,226 - root - INFO - Loading a model with scale=19, scaling_strategy=ScalingStrategy.ALL, config:
TransformerModelArgs(dim=4864, n_layers=152, n_heads=152, n_kv_heads=8, multiple_of=256, ffn_dim_multiplier=1.3, norm_eps=1e-05, rope_theta=500000, norm_type='rmsnorm', seq_len=4096, vocab_size=131072)
slurmstepd: error: Detected 1 oom_kill event in StepId=456188.0. Some of the step tasks have been OOM Killed.
srun: error: nid006511: task 0: Out Of Memory
srun: Terminating StepId=456188.0
slurmstepd: error: *** STEP 456188.0 ON nid006511 CANCELLED AT 2025-05-21T23:29:22 ***
srun: error: nid006513: tasks 2-3: Terminated
srun: Force Terminated StepId=456188.0
