START TIME: Wed May 21 23:44:11 CEST 2025
slurmstepd: error: couldn't chdir to `/workspace': No such file or directory: going to /tmp instead
slurmstepd: error: couldn't chdir to `/workspace': No such file or directory: going to /tmp instead
Node IP: 172.28.31.112
Node IP: 172.28.31.112
slurmstepd: error: couldn't chdir to `/workspace': No such file or directory: going to /tmp instead
slurmstepd: error: couldn't chdir to `/workspace': No such file or directory: going to /tmp instead
slurmstepd: error: couldn't chdir to `/workspace': No such file or directory: going to /tmp instead
slurmstepd: error: couldn't chdir to `/workspace': No such file or directory: going to /tmp instead
2025-05-21 23:44:44,363 - root - INFO - Loading a model with scale=10, scaling_strategy=ScalingStrategy.ALL, config:
TransformerModelArgs(dim=2560, n_layers=80, n_heads=80, n_kv_heads=8, multiple_of=256, ffn_dim_multiplier=1.3, norm_eps=1e-05, rope_theta=500000, norm_type='rmsnorm', seq_len=4096, vocab_size=131072)
2025-05-21 23:44:44,365 - root - INFO - Loading a model with scale=10, scaling_strategy=ScalingStrategy.ALL, config:
TransformerModelArgs(dim=2560, n_layers=80, n_heads=80, n_kv_heads=8, multiple_of=256, ffn_dim_multiplier=1.3, norm_eps=1e-05, rope_theta=500000, norm_type='rmsnorm', seq_len=4096, vocab_size=131072)
2025-05-21 23:44:44,369 - root - INFO - Loading a model with scale=10, scaling_strategy=ScalingStrategy.ALL, config:
TransformerModelArgs(dim=2560, n_layers=80, n_heads=80, n_kv_heads=8, multiple_of=256, ffn_dim_multiplier=1.3, norm_eps=1e-05, rope_theta=500000, norm_type='rmsnorm', seq_len=4096, vocab_size=131072)
2025-05-21 23:44:44,835 - root - INFO - Loading a model with scale=10, scaling_strategy=ScalingStrategy.ALL, config:
TransformerModelArgs(dim=2560, n_layers=80, n_heads=80, n_kv_heads=8, multiple_of=256, ffn_dim_multiplier=1.3, norm_eps=1e-05, rope_theta=500000, norm_type='rmsnorm', seq_len=4096, vocab_size=131072)
2025-05-21 23:45:13,211 - root - INFO - Total model parameters: 7,329,958,400
2025-05-21 23:45:13,494 - root - INFO - Total model parameters: 7,329,958,400
2025-05-21 23:45:14,038 - root - INFO - Total model parameters: 7,329,958,400
2025-05-21 23:45:14,533 - root - INFO - Total model parameters: 7,329,958,400
2025-05-21 23:45:16,019 - root - INFO - [rank 0]Took 0 min 32 sec
2025-05-21 23:45:16,019 - root - INFO - [rank 0]


END TIME: Wed May 21 23:45:18 CEST 2025
