START TIME: Wed May 21 23:46:27 CEST 2025
slurmstepd: error: couldn't chdir to `/workspace': No such file or directory: going to /tmp instead
slurmstepd: error: couldn't chdir to `/workspace': No such file or directory: going to /tmp instead
Node IP: 172.28.34.184
Node IP: 172.28.34.184
slurmstepd: error: couldn't chdir to `/workspace': No such file or directory: going to /tmp instead
slurmstepd: error: couldn't chdir to `/workspace': No such file or directory: going to /tmp instead
slurmstepd: error: couldn't chdir to `/workspace': No such file or directory: going to /tmp instead
slurmstepd: error: couldn't chdir to `/workspace': No such file or directory: going to /tmp instead
2025-05-21 23:46:59,871 - root - INFO - Loading a model with scale=10, scaling_strategy=ScalingStrategy.ALL, config:
TransformerModelArgs(dim=2560, n_layers=80, n_heads=80, n_kv_heads=8, multiple_of=256, ffn_dim_multiplier=1.3, norm_eps=1e-05, rope_theta=500000, norm_type='rmsnorm', seq_len=4096, vocab_size=131072)
2025-05-21 23:46:59,871 - root - INFO - Loading a model with scale=10, scaling_strategy=ScalingStrategy.ALL, config:
TransformerModelArgs(dim=2560, n_layers=80, n_heads=80, n_kv_heads=8, multiple_of=256, ffn_dim_multiplier=1.3, norm_eps=1e-05, rope_theta=500000, norm_type='rmsnorm', seq_len=4096, vocab_size=131072)
2025-05-21 23:46:59,873 - root - INFO - Loading a model with scale=10, scaling_strategy=ScalingStrategy.ALL, config:
TransformerModelArgs(dim=2560, n_layers=80, n_heads=80, n_kv_heads=8, multiple_of=256, ffn_dim_multiplier=1.3, norm_eps=1e-05, rope_theta=500000, norm_type='rmsnorm', seq_len=4096, vocab_size=131072)
2025-05-21 23:46:59,873 - root - INFO - Loading a model with scale=10, scaling_strategy=ScalingStrategy.ALL, config:
TransformerModelArgs(dim=2560, n_layers=80, n_heads=80, n_kv_heads=8, multiple_of=256, ffn_dim_multiplier=1.3, norm_eps=1e-05, rope_theta=500000, norm_type='rmsnorm', seq_len=4096, vocab_size=131072)
2025-05-21 23:47:29,004 - root - INFO - Total model parameters: 7,329,958,400
2025-05-21 23:47:29,253 - root - INFO - Total model parameters: 7,329,958,400
2025-05-21 23:47:29,606 - root - INFO - Total model parameters: 7,329,958,400
2025-05-21 23:47:30,766 - root - INFO - Total model parameters: 7,329,958,400
2025-05-21 23:47:31,726 - root - INFO - [rank 0]Took 0 min 32 sec
2025-05-21 23:47:31,726 - root - INFO - [rank 0]


END TIME: Wed May 21 23:47:34 CEST 2025
